[2022-04-05T16:17:54.946] [WARN] nonexistentPaths - The path /info/as using method GET is not implemented.
[2022-04-05T16:21:29.422] [WARN] nonexistentPaths - The path /quantity/10 using method GET is not implemented.
[2022-04-05T16:21:48.560] [WARN] nonexistentPaths - The path /random/quantity/10 using method GET is not implemented.
[2022-04-05T16:22:04.640] [WARN] nonexistentPaths - The path /styles.css using method GET is not implemented.
[2022-04-05T16:22:04.718] [WARN] nonexistentPaths - The path /index.js using method GET is not implemented.
[2022-04-05T16:22:08.074] [WARN] nonexistentPaths - The path /styles.css using method GET is not implemented.
[2022-04-05T16:22:08.107] [WARN] nonexistentPaths - The path /index.js using method GET is not implemented.
[2022-04-05T19:04:00.026] [WARN] nonexistentPaths - The path /styles.css using method GET is not implemented.
[2022-04-05T19:04:00.065] [WARN] nonexistentPaths - The path /index.js using method GET is not implemented.
[2022-04-05T19:07:21.801] [WARN] nonexistentPaths - The path /styles.css using method GET is not implemented.
[2022-04-05T19:07:21.814] [WARN] nonexistentPaths - The path /index.js using method GET is not implemented.
[2022-04-05T19:19:01.395] [WARN] nonexistentPaths - The path /styles.css using method GET is not implemented.
[2022-04-05T19:19:01.412] [WARN] nonexistentPaths - The path /index.js using method GET is not implemented.
[2022-04-05T19:20:23.599] [WARN] nonexistentPaths - The path /styles.css using method GET is not implemented.
[2022-04-05T19:20:23.613] [WARN] nonexistentPaths - The path /index.js using method GET is not implemented.
[2022-04-05T19:23:56.951] [WARN] nonexistentPaths - The path /styles.css using method GET is not implemented.
[2022-04-05T19:23:56.989] [WARN] nonexistentPaths - The path /index.js using method GET is not implemented.
[2022-04-05T20:05:26.858] [WARN] nonexistentPaths - The path /styles.css using method GET is not implemented.
[2022-04-05T20:05:26.875] [WARN] nonexistentPaths - The path /index.js using method GET is not implemented.
[2022-04-05T20:05:44.116] [WARN] nonexistentPaths - The path /styles.css using method GET is not implemented.
[2022-04-05T20:05:44.127] [WARN] nonexistentPaths - The path /index.js using method GET is not implemented.
[2022-04-05T20:06:46.531] [WARN] nonexistentPaths - The path /styles.css using method GET is not implemented.
[2022-04-05T20:06:46.538] [WARN] nonexistentPaths - The path /index.js using method GET is not implemented.
[2022-04-05T20:28:16.464] [WARN] nonexistentPaths - The path /styles.css using method GET is not implemented.
[2022-04-05T20:28:16.489] [WARN] nonexistentPaths - The path /index.js using method GET is not implemented.
[2022-04-05T21:07:22.388] [WARN] nonexistentPaths - The path /styles.css using method GET is not implemented.
[2022-04-05T21:07:22.420] [WARN] nonexistentPaths - The path /index.js using method GET is not implemented.
[2022-04-25T01:47:29.478] [WARN] nonexistentPaths - The path /styles.css using method GET is not implemented.
[2022-04-25T01:47:29.505] [WARN] nonexistentPaths - The path /index.js using method GET is not implemented.
[2022-04-25T01:47:29.567] [WARN] nonexistentPaths - The path /favicon.ico using method GET is not implemented.
[2022-04-25T01:47:31.523] [WARN] nonexistentPaths - The path /styles.css using method GET is not implemented.
[2022-04-25T01:47:31.537] [WARN] nonexistentPaths - The path /index.js using method GET is not implemented.
[2022-04-25T01:47:48.949] [WARN] nonexistentPaths - The path /styles.css using method GET is not implemented.
[2022-04-25T01:47:48.958] [WARN] nonexistentPaths - The path /index.js using method GET is not implemented.
[2022-04-25T01:50:31.135] [WARN] nonexistentPaths - The path /styles.css using method GET is not implemented.
[2022-04-25T01:50:31.152] [WARN] nonexistentPaths - The path /index.js using method GET is not implemented.
[2022-04-25T01:50:34.320] [WARN] nonexistentPaths - The path /styles.css using method GET is not implemented.
[2022-04-25T01:50:34.340] [WARN] nonexistentPaths - The path /index.js using method GET is not implemented.
[2022-04-25T01:50:39.177] [WARN] nonexistentPaths - The path /styles.css using method GET is not implemented.
[2022-04-25T01:50:39.204] [WARN] nonexistentPaths - The path /index.js using method GET is not implemented.
[2022-04-25T01:54:13.584] [WARN] nonexistentPaths - The path /styles.css using method GET is not implemented.
[2022-04-25T01:54:13.609] [WARN] nonexistentPaths - The path /index.js using method GET is not implemented.
[2022-04-25T01:54:21.363] [WARN] nonexistentPaths - The path /styles.css using method GET is not implemented.
[2022-04-25T01:54:21.384] [WARN] nonexistentPaths - The path /index.js using method GET is not implemented.
[2022-04-25T01:54:35.994] [WARN] nonexistentPaths - The path /styles.css using method GET is not implemented.
[2022-04-25T01:54:36.012] [WARN] nonexistentPaths - The path /index.js using method GET is not implemented.
[2022-04-25T01:56:30.455] [WARN] nonexistentPaths - The path /styles.css using method GET is not implemented.
[2022-04-25T01:56:30.479] [WARN] nonexistentPaths - The path /index.js using method GET is not implemented.
[2022-04-25T02:00:47.330] [WARN] nonexistentPaths - The path /styles.css using method GET is not implemented.
[2022-04-25T02:00:47.355] [WARN] nonexistentPaths - The path /index.js using method GET is not implemented.
[2022-04-25T02:03:06.540] [WARN] nonexistentPaths - The path /styles.css using method GET is not implemented.
[2022-04-25T02:03:06.567] [WARN] nonexistentPaths - The path /index.js using method GET is not implemented.
[2022-04-25T02:03:18.693] [WARN] nonexistentPaths - The path /styles.css using method GET is not implemented.
[2022-04-25T02:03:18.712] [WARN] nonexistentPaths - The path /index.js using method GET is not implemented.
[2022-04-25T02:03:51.380] [WARN] nonexistentPaths - The path /styles.css using method GET is not implemented.
[2022-04-25T02:03:51.403] [WARN] nonexistentPaths - The path /index.js using method GET is not implemented.
[2022-04-25T02:04:00.643] [WARN] nonexistentPaths - The path /styles.css using method GET is not implemented.
[2022-04-25T02:04:00.669] [WARN] nonexistentPaths - The path /index.js using method GET is not implemented.
[2022-04-25T02:04:14.695] [WARN] nonexistentPaths - The path /styles.css using method GET is not implemented.
[2022-04-25T02:04:14.714] [WARN] nonexistentPaths - The path /index.js using method GET is not implemented.
[2022-04-25T02:15:46.453] [WARN] nonexistentPaths - The path /styles.css using method GET is not implemented.
[2022-04-25T02:15:46.480] [WARN] nonexistentPaths - The path /index.js using method GET is not implemented.
[2022-04-25T02:15:54.427] [WARN] nonexistentPaths - The path /styles.css using method GET is not implemented.
[2022-04-25T02:15:54.446] [WARN] nonexistentPaths - The path /index.js using method GET is not implemented.
[2022-04-25T02:17:44.885] [WARN] nonexistentPaths - The path /styles.css using method GET is not implemented.
[2022-04-25T02:17:44.903] [WARN] nonexistentPaths - The path /index.js using method GET is not implemented.
[2022-04-25T02:20:44.925] [WARN] nonexistentPaths - The path /styles.css using method GET is not implemented.
[2022-04-25T02:20:44.950] [WARN] nonexistentPaths - The path /index.js using method GET is not implemented.
[2022-04-25T02:23:25.755] [WARN] nonexistentPaths - The path /styles.css using method GET is not implemented.
[2022-04-25T02:23:25.780] [WARN] nonexistentPaths - The path /index.js using method GET is not implemented.
[2022-04-26T17:36:43.441] [WARN] nonexistentPaths - The path /styles.css using method GET is not implemented.
[2022-04-26T17:36:43.548] [WARN] nonexistentPaths - The path /index.js using method GET is not implemented.
[2022-04-26T17:36:43.772] [WARN] nonexistentPaths - The path /favicon.ico using method GET is not implemented.
[2022-04-26T17:37:05.936] [WARN] nonexistentPaths - The path /public/styles.css using method GET is not implemented.
[2022-04-26T17:37:13.291] [WARN] nonexistentPaths - The path /styles.css using method GET is not implemented.
[2022-04-26T17:37:13.297] [WARN] nonexistentPaths - The path /index.js using method GET is not implemented.
[2022-04-26T17:37:14.489] [WARN] nonexistentPaths - The path /styles.css using method GET is not implemented.
[2022-04-26T20:40:53.056] [WARN] nonexistentPaths - The path /styles.css using method GET is not implemented.
[2022-04-26T20:40:53.092] [WARN] nonexistentPaths - The path /index.js using method GET is not implemented.
[2022-04-26T20:40:53.475] [WARN] nonexistentPaths - The path /favicon.ico using method GET is not implemented.
[2022-04-26T20:41:13.164] [WARN] nonexistentPaths - The path /styles.css using method GET is not implemented.
[2022-04-26T20:41:13.174] [WARN] nonexistentPaths - The path /index.js using method GET is not implemented.
[2022-04-26T20:51:27.339] [WARN] nonexistentPaths - The path /styles.css using method GET is not implemented.
[2022-04-26T20:51:27.345] [WARN] nonexistentPaths - The path /index.js using method GET is not implemented.
[2022-04-26T20:51:29.999] [WARN] nonexistentPaths - The path /styles.css using method GET is not implemented.
[2022-04-26T20:51:30.006] [WARN] nonexistentPaths - The path /index.js using method GET is not implemented.
[2022-04-26T20:51:39.887] [WARN] nonexistentPaths - The path /styles.css using method GET is not implemented.
[2022-04-26T20:51:39.905] [WARN] nonexistentPaths - The path /index.js using method GET is not implemented.
[2022-04-26T20:51:47.469] [WARN] nonexistentPaths - The path /styles.css using method GET is not implemented.
[2022-04-26T20:51:47.488] [WARN] nonexistentPaths - The path /index.js using method GET is not implemented.
[2022-04-27T14:13:08.444] [WARN] nonexistentPaths - The path /signup-error using method GET is not implemented.
[2022-04-27T14:14:01.416] [WARN] nonexistentPaths - The path /signup-error using method GET is not implemented.
[2022-04-27T16:42:09.302] [WARN] nonexistentPaths - The path /favicon.ico using method GET is not implemented.
[2022-04-27T16:46:34.449] [WARN] nonexistentPaths - The path /favicon.ico using method GET is not implemented.
[2022-04-28T01:12:25.830] [WARN] nonexistentPaths - The path /images/avatars/name-name-76 using method GET is not implemented.
[2022-04-28T02:05:25.702] [WARN] nonexistentPaths - The path /My-name-99.png using method GET is not implemented.
[2022-04-28T14:56:51.355] [WARN] nonexistentPaths - The path /car-light.webp using method GET is not implemented.
[2022-04-28T14:57:54.937] [WARN] nonexistentPaths - The path /car-light.webp using method GET is not implemented.
[2022-04-28T14:58:44.470] [WARN] nonexistentPaths - The path /car-light.webp using method GET is not implemented.
[2022-04-28T16:18:51.958] [WARN] nonexistentPaths - The path /car-light.webp using method GET is not implemented.
[2022-04-28T16:20:04.651] [WARN] nonexistentPaths - The path /car-light.webp using method GET is not implemented.
[2022-04-28T16:26:04.333] [WARN] nonexistentPaths - The path /car-light.webp using method GET is not implemented.
[2022-04-28T16:44:46.826] [WARN] nonexistentPaths - The path /car-light.webp using method GET is not implemented.
[2022-04-28T17:38:37.695] [WARN] nonexistentPaths - The path /car-light.webp using method GET is not implemented.
[2022-04-28T17:47:08.574] [WARN] nonexistentPaths - The path /car-light.webp using method GET is not implemented.
[2022-04-28T17:48:09.854] [WARN] nonexistentPaths - The path /car-light.webp using method GET is not implemented.
[2022-04-28T18:03:03.099] [WARN] nonexistentPaths - The path /car-light.webp using method GET is not implemented.
[2022-04-28T18:06:17.514] [WARN] nonexistentPaths - The path /car-light.webp using method GET is not implemented.
[2022-04-28T18:39:07.430] [WARN] nonexistentPaths - The path /car-light.webp using method GET is not implemented.
[2022-04-28T18:50:23.515] [WARN] nonexistentPaths - The path /car-light.webp using method GET is not implemented.
[2022-04-28T19:00:39.326] [WARN] nonexistentPaths - The path /car-light.webp using method GET is not implemented.
[2022-04-28T19:00:42.726] [WARN] nonexistentPaths - The path /car-light.webp using method GET is not implemented.
[2022-04-28T19:04:37.831] [WARN] nonexistentPaths - The path /car-light.webp using method GET is not implemented.
[2022-04-28T19:12:48.850] [WARN] nonexistentPaths - The path /car-light.webp using method GET is not implemented.
[2022-04-28T19:15:39.203] [WARN] nonexistentPaths - The path /car-light.webp using method GET is not implemented.
[2022-04-28T19:15:54.218] [WARN] nonexistentPaths - The path /car-light.webp using method GET is not implemented.
[2022-04-28T19:24:34.425] [WARN] nonexistentPaths - The path /car-light.webp using method GET is not implemented.
[2022-04-28T19:28:03.149] [WARN] nonexistentPaths - The path /car-light.webp using method GET is not implemented.
[2022-04-28T19:37:07.044] [WARN] nonexistentPaths - The path /car-light.webp using method GET is not implemented.
[2022-04-28T19:46:32.078] [WARN] nonexistentPaths - The path /car-light.webp using method GET is not implemented.
[2022-04-28T19:48:20.688] [WARN] nonexistentPaths - The path /car-light.webp using method GET is not implemented.
[2022-04-28T19:49:56.953] [WARN] nonexistentPaths - The path /car-light.webp using method GET is not implemented.
[2022-04-28T20:09:15.978] [WARN] nonexistentPaths - The path /car-light.webp using method GET is not implemented.
[2022-04-28T20:09:18.132] [WARN] nonexistentPaths - The path /api/cart/?626ae8df1f54a5b5ddb765c4 using method POST is not implemented.
[2022-04-28T20:09:37.713] [WARN] nonexistentPaths - The path /car-light.webp using method GET is not implemented.
[2022-04-28T20:12:56.947] [WARN] nonexistentPaths - The path /car-light.webp using method GET is not implemented.
[2022-04-28T20:15:28.456] [WARN] nonexistentPaths - The path /car-light.webp using method GET is not implemented.
[2022-04-28T20:19:10.912] [WARN] nonexistentPaths - The path /car-light.webp using method GET is not implemented.
[2022-04-28T20:28:10.559] [WARN] nonexistentPaths - The path /car-light.webp using method GET is not implemented.
[2022-04-28T20:41:52.699] [WARN] nonexistentPaths - The path /car-light.webp using method GET is not implemented.
[2022-04-28T20:43:29.791] [WARN] nonexistentPaths - The path /car-light.webp using method GET is not implemented.
[2022-04-28T20:46:11.879] [WARN] nonexistentPaths - The path /car-light.webp using method GET is not implemented.
[2022-04-28T20:46:49.686] [WARN] nonexistentPaths - The path /car-light.webp using method GET is not implemented.
[2022-04-28T20:50:34.092] [WARN] nonexistentPaths - The path /car-light.webp using method GET is not implemented.
[2022-04-28T21:38:19.645] [WARN] nonexistentPaths - The path /car-light.webp using method GET is not implemented.
[2022-04-28T21:40:09.561] [WARN] nonexistentPaths - The path /car-light.webp using method GET is not implemented.
[2022-04-28T21:40:27.821] [WARN] nonexistentPaths - The path /car-light.webp using method GET is not implemented.
[2022-04-28T21:40:32.970] [WARN] nonexistentPaths - The path /buy using method GET is not implemented.
[2022-04-28T21:42:59.541] [WARN] nonexistentPaths - The path /car-light.webp using method GET is not implemented.
[2022-04-28T21:46:42.109] [WARN] nonexistentPaths - The path /car-light.webp using method GET is not implemented.
[2022-04-28T21:48:50.902] [WARN] nonexistentPaths - The path /car-light.webp using method GET is not implemented.
[2022-04-28T21:49:07.255] [WARN] nonexistentPaths - The path /car-light.webp using method GET is not implemented.
[2022-04-28T21:50:19.696] [WARN] nonexistentPaths - The path /car-light.webp using method GET is not implemented.
[2022-04-28T21:53:14.934] [WARN] nonexistentPaths - The path /car-light.webp using method GET is not implemented.
[2022-04-28T22:11:31.395] [WARN] nonexistentPaths - The path /favicon.ico using method GET is not implemented.
[2022-04-28T22:12:04.768] [WARN] nonexistentPaths - The path /car-light.webp using method GET is not implemented.
[2022-04-28T22:12:23.165] [WARN] nonexistentPaths - The path /car-light.webp using method GET is not implemented.
[2022-04-28T22:15:09.990] [WARN] nonexistentPaths - The path /car-light.webp using method GET is not implemented.
[2022-04-28T22:15:55.242] [WARN] nonexistentPaths - The path /car-light.webp using method GET is not implemented.
[2022-04-28T22:16:06.051] [WARN] nonexistentPaths - The path /car-light.webp using method GET is not implemented.
[2022-04-28T22:17:31.471] [WARN] nonexistentPaths - The path /car-light.webp using method GET is not implemented.
[2022-04-28T22:17:41.367] [WARN] nonexistentPaths - The path /car-light.webp using method GET is not implemented.
[2022-04-28T22:29:51.895] [WARN] nonexistentPaths - The path /car-light.webp using method GET is not implemented.
[2022-04-28T22:30:07.084] [WARN] nonexistentPaths - The path /car-light.webp using method GET is not implemented.
